
> xgvst@0.1.0 build /Users/mac/.openclaw/workspace/xgvst
> corepack pnpm --filter web build


> web@0.0.1 build /Users/mac/.openclaw/workspace/xgvst/apps/web
> vite build

vite v7.3.1 building ssr environment for production...
transforming...
✓ 225 modules transformed.
rendering chunks...
vite v7.3.1 building client environment for production...
transforming...
✓ 393 modules transformed.
rendering chunks...
computing gzip size...
.svelte-kit/output/client/_app/version.json                        0.03 kB │ gzip:  0.05 kB
.svelte-kit/output/client/manifest.webmanifest                     0.35 kB
.svelte-kit/output/client/.vite/manifest.json                      5.70 kB │ gzip:  0.95 kB
.svelte-kit/output/client/_app/immutable/assets/0.C2aOW3tr.css     4.68 kB │ gzip:  1.59 kB
.svelte-kit/output/client/_app/immutable/chunks/DlmpO5E_.js        0.03 kB │ gzip:  0.05 kB
.svelte-kit/output/client/_app/immutable/entry/start.DnGZlr46.js   0.08 kB │ gzip:  0.09 kB
.svelte-kit/output/client/_app/immutable/chunks/CSVHy-an.js        0.32 kB │ gzip:  0.25 kB
.svelte-kit/output/client/_app/immutable/chunks/1ssJvATb.js        0.43 kB │ gzip:  0.31 kB
.svelte-kit/output/client/_app/immutable/nodes/3.BlilC8Ey.js       0.64 kB │ gzip:  0.46 kB
.svelte-kit/output/client/_app/immutable/chunks/RPnKBoCH.js        0.72 kB │ gzip:  0.44 kB
.svelte-kit/output/client/_app/immutable/nodes/4.CRV1M2aW.js       0.74 kB │ gzip:  0.56 kB
.svelte-kit/output/client/_app/immutable/nodes/2.BTzvO08M.js       0.84 kB │ gzip:  0.58 kB
.svelte-kit/output/client/_app/immutable/nodes/1.BMoIwR3c.js       1.02 kB │ gzip:  0.59 kB
.svelte-kit/output/client/_app/immutable/chunks/BkXw4Ntz.js        1.23 kB │ gzip:  0.70 kB
.svelte-kit/output/client/_app/immutable/chunks/PPVm8Dsz.js        1.23 kB │ gzip:  0.71 kB
.svelte-kit/output/client/_app/immutable/chunks/CrC5j0ga.js        1.49 kB │ gzip:  0.66 kB
.svelte-kit/output/client/_app/immutable/nodes/0.CP4MFsxj.js       3.00 kB │ gzip:  1.66 kB
.svelte-kit/output/client/_app/immutable/chunks/BIl4cyR9.js        5.76 kB │ gzip:  2.37 kB
.svelte-kit/output/client/_app/immutable/entry/app.jxDvap9t.js     6.12 kB │ gzip:  2.72 kB
.svelte-kit/output/client/_app/immutable/chunks/Btg9gcR4.js        6.50 kB │ gzip:  2.96 kB
.svelte-kit/output/client/_app/immutable/nodes/5.D4OeI5J9.js      16.86 kB │ gzip:  7.05 kB
.svelte-kit/output/client/_app/immutable/chunks/CCSO4YDG.js       22.04 kB │ gzip:  8.75 kB
.svelte-kit/output/client/_app/immutable/chunks/CMXKNwpp.js       26.10 kB │ gzip: 10.27 kB
✓ built in 345ms

PWA v1.2.0
mode      generateSW
precache  31 entries (159.88 KiB)
files generated
  .svelte-kit/output/client/sw.js
  .svelte-kit/output/client/workbox-1be2cecd.js
.svelte-kit/output/server/manifest.webmanifest                             0.35 kB
.svelte-kit/output/server/.vite/manifest.json                              5.25 kB
.svelte-kit/output/server/_app/immutable/assets/_layout.C2aOW3tr.css       4.68 kB
.svelte-kit/output/server/chunks/false.js                                  0.05 kB
.svelte-kit/output/server/entries/pages/_page.ts.js                        0.07 kB
.svelte-kit/output/server/chunks/shared-server.js                          0.21 kB
.svelte-kit/output/server/internal.js                                      0.41 kB
.svelte-kit/output/server/chunks/escaping.js                               0.53 kB
.svelte-kit/output/server/entries/pages/detail/_page.svelte.js             0.58 kB
.svelte-kit/output/server/chunks/environment.js                            0.62 kB
.svelte-kit/output/server/entries/pages/_page.svelte.js                    0.64 kB
.svelte-kit/output/server/entries/pages/detail/_symbol_/_page.svelte.js    0.66 kB
.svelte-kit/output/server/entries/endpoints/ws/quote/_server.ts.js         0.84 kB
.svelte-kit/output/server/chunks/utils.js                                  1.15 kB
.svelte-kit/output/server/entries/pages/_layout.svelte.js                  1.35 kB
.svelte-kit/output/server/entries/fallbacks/error.svelte.js                1.38 kB
.svelte-kit/output/server/chunks/utils2.js                                 3.14 kB
.svelte-kit/output/server/chunks/internal.js                               3.40 kB
.svelte-kit/output/server/chunks/exports.js                                7.02 kB
.svelte-kit/output/server/entries/pages/market/_page.svelte.js            15.04 kB
.svelte-kit/output/server/remote-entry.js                                 18.98 kB
.svelte-kit/output/server/chunks/shared.js                                41.99 kB
.svelte-kit/output/server/chunks/index.js                                 47.67 kB
.svelte-kit/output/server/chunks/root.js                                  77.79 kB
.svelte-kit/output/server/index.js                                       132.74 kB
✓ built in 2.54s

Run npm run preview to preview your production build locally.

> Using @sveltejs/adapter-cloudflare
  ✔ done
